PROMO ANODIZED BRASS|0.0498029556650246
PROMO ANODIZED COPPER|0.0496428571428571
PROMO ANODIZED NICKEL|0.0527794561933534
PROMO ANODIZED STEEL|0.0498136645962732
PROMO ANODIZED TIN|0.0486133333333332
PROMO BRUSHED BRASS|0.0495527156549521
PROMO BRUSHED COPPER|0.0518085106382978
PROMO BRUSHED NICKEL|0.0495918367346938
PROMO BRUSHED STEEL|0.048849407783418
PROMO BRUSHED TIN|0.050179211469534
PROMO BURNISHED BRASS|0.0498031496062991
PROMO BURNISHED COPPER|0.0488888888888888
PROMO BURNISHED NICKEL|0.0506437768240343
PROMO BURNISHED STEEL|0.050040650406504
PROMO BURNISHED TIN|0.0510183299389002
PROMO PLATED BRASS|0.0525380710659898
PROMO PLATED COPPER|0.0487967914438502
PROMO PLATED NICKEL|0.0489445910290237
PROMO PLATED STEEL|0.0496984924623115
PROMO PLATED TIN|0.0508297872340426
PROMO POLISHED BRASS|0.0516341463414634
PROMO POLISHED COPPER|0.0490661478599221
PROMO POLISHED NICKEL|0.0475964391691394
PROMO POLISHED STEEL|0.0528052805280527
PROMO POLISHED TIN|0.0494999999999999
