Supplier#000000001|1-URGENT|110
Supplier#000000001|2-HIGH|135
Supplier#000000001|3-MEDIUM|126
Supplier#000000001|4-NOT SPECIFIED|121
Supplier#000000001|5-LOW|123
Supplier#000000003|1-URGENT|122
Supplier#000000003|2-HIGH|129
Supplier#000000003|3-MEDIUM|115
Supplier#000000003|4-NOT SPECIFIED|108
Supplier#000000003|5-LOW|108
Supplier#000000008|1-URGENT|120
Supplier#000000008|2-HIGH|130
Supplier#000000008|3-MEDIUM|106
Supplier#000000008|4-NOT SPECIFIED|117
Supplier#000000008|5-LOW|123
Supplier#000000010|1-URGENT|104
Supplier#000000010|2-HIGH|118
Supplier#000000010|3-MEDIUM|122
Supplier#000000010|4-NOT SPECIFIED|143
Supplier#000000010|5-LOW|99
Supplier#000000013|1-URGENT|111
Supplier#000000013|2-HIGH|120
Supplier#000000013|3-MEDIUM|117
Supplier#000000013|4-NOT SPECIFIED|114
Supplier#000000013|5-LOW|101
Supplier#000000019|1-URGENT|132
Supplier#000000019|2-HIGH|126
Supplier#000000019|3-MEDIUM|129
Supplier#000000019|4-NOT SPECIFIED|106
Supplier#000000019|5-LOW|119
Supplier#000000020|1-URGENT|126
Supplier#000000020|2-HIGH|113
Supplier#000000020|3-MEDIUM|129
Supplier#000000020|4-NOT SPECIFIED|110
Supplier#000000020|5-LOW|115
Supplier#000000021|1-URGENT|133
Supplier#000000021|2-HIGH|132
Supplier#000000021|3-MEDIUM|125
Supplier#000000021|4-NOT SPECIFIED|129
Supplier#000000021|5-LOW|119
Supplier#000000029|1-URGENT|106
Supplier#000000029|2-HIGH|138
Supplier#000000029|3-MEDIUM|134
Supplier#000000029|4-NOT SPECIFIED|112
Supplier#000000029|5-LOW|110
Supplier#000000046|1-URGENT|119
Supplier#000000046|2-HIGH|138
Supplier#000000046|3-MEDIUM|108
Supplier#000000046|4-NOT SPECIFIED|139
Supplier#000000046|5-LOW|114
Supplier#000000049|1-URGENT|131
Supplier#000000049|2-HIGH|107
Supplier#000000049|3-MEDIUM|120
Supplier#000000049|4-NOT SPECIFIED|124
Supplier#000000049|5-LOW|126
Supplier#000000055|1-URGENT|130
Supplier#000000055|2-HIGH|116
Supplier#000000055|3-MEDIUM|83
Supplier#000000055|4-NOT SPECIFIED|124
Supplier#000000055|5-LOW|110
Supplier#000000057|1-URGENT|128
Supplier#000000057|2-HIGH|135
Supplier#000000057|3-MEDIUM|104
Supplier#000000057|4-NOT SPECIFIED|125
Supplier#000000057|5-LOW|116
Supplier#000000059|1-URGENT|109
Supplier#000000059|2-HIGH|141
Supplier#000000059|3-MEDIUM|114
Supplier#000000059|4-NOT SPECIFIED|140
Supplier#000000059|5-LOW|107
Supplier#000000064|1-URGENT|108
Supplier#000000064|2-HIGH|136
Supplier#000000064|3-MEDIUM|109
Supplier#000000064|4-NOT SPECIFIED|114
Supplier#000000064|5-LOW|107
Supplier#000000071|1-URGENT|111
Supplier#000000071|2-HIGH|131
Supplier#000000071|3-MEDIUM|106
Supplier#000000071|4-NOT SPECIFIED|131
Supplier#000000071|5-LOW|111
Supplier#000000084|1-URGENT|132
Supplier#000000084|2-HIGH|136
Supplier#000000084|3-MEDIUM|118
Supplier#000000084|4-NOT SPECIFIED|118
Supplier#000000084|5-LOW|126
Supplier#000000087|1-URGENT|135
Supplier#000000087|2-HIGH|125
Supplier#000000087|3-MEDIUM|108
Supplier#000000087|4-NOT SPECIFIED|124
Supplier#000000087|5-LOW|116
Supplier#000000091|1-URGENT|110
Supplier#000000091|2-HIGH|124
Supplier#000000091|3-MEDIUM|119
Supplier#000000091|4-NOT SPECIFIED|129
Supplier#000000091|5-LOW|121
Supplier#000000092|1-URGENT|100
Supplier#000000092|2-HIGH|128
Supplier#000000092|3-MEDIUM|118
Supplier#000000092|4-NOT SPECIFIED|127
Supplier#000000092|5-LOW|124
