AFRICA|AFRICA|2599
AFRICA|AMERICA|2604
AFRICA|ASIA|3449
AFRICA|EUROPE|2494
AFRICA|MIDDLE EAST|1502
AMERICA|AFRICA|2479
AMERICA|AMERICA|2335
AMERICA|ASIA|3231
AMERICA|EUROPE|2328
AMERICA|MIDDLE EAST|1409
ASIA|AFRICA|2480
ASIA|AMERICA|2313
ASIA|ASIA|3146
ASIA|EUROPE|2378
ASIA|MIDDLE EAST|1391
EUROPE|AFRICA|2198
EUROPE|AMERICA|2184
EUROPE|ASIA|2941
EUROPE|EUROPE|2155
EUROPE|MIDDLE EAST|1363
MIDDLE EAST|AFRICA|2765
MIDDLE EAST|AMERICA|2559
MIDDLE EAST|ASIA|3697
MIDDLE EAST|EUROPE|2626
MIDDLE EAST|MIDDLE EAST|1549
