1992-08-30|1
1992-10-10|1
1993-05-07|1
1993-06-02|1
1993-06-14|1
1993-07-01|1
1993-07-10|1
1993-07-21|1
1993-08-15|1
1993-08-17|1
1993-08-21|1
1993-10-06|1
1993-11-19|1
1993-11-28|1
1993-12-19|1
1993-12-25|1
1994-01-02|1
1995-01-16|1
1995-03-02|1
1995-03-28|1
1995-03-30|1
1995-04-16|1
1995-06-17|1
1995-09-10|1
1996-01-05|1
1996-01-22|1
1996-02-24|1
1996-04-20|1
1996-05-12|1
1996-08-14|1
1996-10-09|1
1996-11-25|1
1997-01-20|1
1997-01-30|1
1997-02-20|1
1997-03-05|1
1997-03-19|1
1997-03-20|1
1997-03-25|1
1997-04-02|1
1997-04-27|1
1997-12-30|1
1998-01-03|1
1998-01-13|1
1998-02-10|1
1998-03-20|1
1998-03-22|1
1998-04-02|2
1998-04-07|1
1998-04-29|1
1998-05-23|1
1998-06-27|1
